<?xml version="1.0" encoding="UTF-8"?>
<testng-results skipped="1" failed="1" total="2" passed="0">
  <reporter-output>
  </reporter-output>
  <suite name="Default suite" duration-ms="38972" started-at="2018-12-22T10:42:09Z" finished-at="2018-12-22T10:42:48Z">
    <groups>
    </groups>
    <test name="Default test" duration-ms="38972" started-at="2018-12-22T10:42:09Z" finished-at="2018-12-22T10:42:48Z">
      <class name="testcases.LoginTestUsingPOM">
        <test-method status="PASS" signature="beforeClass()[pri:0, instance:testcases.LoginTestUsingPOM@6b09bb57]" name="beforeClass" is-config="true" duration-ms="29519" started-at="2018-12-22T16:12:09Z" finished-at="2018-12-22T16:12:39Z">
          <reporter-output>
          </reporter-output>
        </test-method> <!-- beforeClass -->
        <test-method status="FAIL" signature="login()[pri:0, instance:testcases.LoginTestUsingPOM@6b09bb57]" name="login" duration-ms="8180" started-at="2018-12-22T16:12:39Z" finished-at="2018-12-22T16:12:47Z">
          <exception class="java.lang.IllegalMonitorStateException">
            <full-stacktrace>
              <![CDATA[java.lang.IllegalMonitorStateException
	at java.lang.Object.wait(Native Method)
	at testcases.LoginTestUsingPOM.login(LoginTestUsingPOM.java:46)
	at sun.reflect.NativeMethodAccessorImpl.invoke0(Native Method)
	at sun.reflect.NativeMethodAccessorImpl.invoke(NativeMethodAccessorImpl.java:62)
	at sun.reflect.DelegatingMethodAccessorImpl.invoke(DelegatingMethodAccessorImpl.java:43)
	at java.lang.reflect.Method.invoke(Method.java:498)
	at org.testng.internal.MethodInvocationHelper.invokeMethod(MethodInvocationHelper.java:84)
	at org.testng.internal.Invoker.invokeMethod(Invoker.java:714)
	at org.testng.internal.Invoker.invokeTestMethod(Invoker.java:901)
	at org.testng.internal.Invoker.invokeTestMethods(Invoker.java:1231)
	at org.testng.internal.TestMethodWorker.invokeTestMethods(TestMethodWorker.java:127)
	at org.testng.internal.TestMethodWorker.run(TestMethodWorker.java:111)
	at org.testng.TestRunner.privateRun(TestRunner.java:767)
	at org.testng.TestRunner.run(TestRunner.java:617)
	at org.testng.SuiteRunner.runTest(SuiteRunner.java:334)
	at org.testng.SuiteRunner.runSequentially(SuiteRunner.java:329)
	at org.testng.SuiteRunner.privateRun(SuiteRunner.java:291)
	at org.testng.SuiteRunner.run(SuiteRunner.java:240)
	at org.testng.SuiteRunnerWorker.runSuite(SuiteRunnerWorker.java:52)
	at org.testng.SuiteRunnerWorker.run(SuiteRunnerWorker.java:86)
	at org.testng.TestNG.runSuitesSequentially(TestNG.java:1224)
	at org.testng.TestNG.runSuitesLocally(TestNG.java:1149)
	at org.testng.TestNG.run(TestNG.java:1057)
	at org.testng.remote.AbstractRemoteTestNG.run(AbstractRemoteTestNG.java:114)
	at org.testng.remote.RemoteTestNG.initAndRun(RemoteTestNG.java:251)
	at org.testng.remote.RemoteTestNG.main(RemoteTestNG.java:77)
]]>
            </full-stacktrace>
          </exception> <!-- java.lang.IllegalMonitorStateException -->
          <reporter-output>
          </reporter-output>
        </test-method> <!-- login -->
        <test-method status="SKIP" signature="addToCart()[pri:0, instance:testcases.LoginTestUsingPOM@6b09bb57]" name="addToCart" duration-ms="0" started-at="2018-12-22T16:12:47Z" depends-on-methods="testcases.LoginTestUsingPOM.login" finished-at="2018-12-22T16:12:47Z">
          <reporter-output>
          </reporter-output>
        </test-method> <!-- addToCart -->
        <test-method status="PASS" signature="afterClass()[pri:0, instance:testcases.LoginTestUsingPOM@6b09bb57]" name="afterClass" is-config="true" duration-ms="1247" started-at="2018-12-22T16:12:47Z" finished-at="2018-12-22T16:12:48Z">
          <reporter-output>
          </reporter-output>
        </test-method> <!-- afterClass -->
      </class> <!-- testcases.LoginTestUsingPOM -->
    </test> <!-- Default test -->
  </suite> <!-- Default suite -->
</testng-results>
